nohup: ignoring input

> frontend@0.1.0 start
> react-scripts start

(node:10196) [DEP_WEBPACK_DEV_SERVER_ON_AFTER_SETUP_MIDDLEWARE] DeprecationWarning: 'onAfterSetupMiddleware' option is deprecated. Please use the 'setupMiddlewares' option.
(Use `node --trace-deprecation ...` to show where the warning was created)
(node:10196) [DEP_WEBPACK_DEV_SERVER_ON_BEFORE_SETUP_MIDDLEWARE] DeprecationWarning: 'onBeforeSetupMiddleware' option is deprecated. Please use the 'setupMiddlewares' option.
Starting the development server...

Compiled successfully!

You can now view frontend in the browser.

  Local:            http://localhost:3000
  On Your Network:  http://172.31.9.237:3000

Note that the development build is not optimized.
To create a production build, use npm run build.

webpack compiled successfully
Compiling...
Compiled successfully!
webpack compiled successfully
Compiling...
Compiled successfully!
webpack compiled successfully
Compiling...
Compiled with warnings.

[eslint] 
src/pages/FitnessGame.jsx
  Line 8:9:  'WAVE_SIZE' is assigned a value but never used  no-unused-vars

Search for the keywords to learn more about each warning.
To ignore, add // eslint-disable-next-line to the line before.

WARNING in [eslint] 
src/pages/FitnessGame.jsx
  Line 8:9:  'WAVE_SIZE' is assigned a value but never used  no-unused-vars

webpack compiled with 1 warning
Compiling...
Compiled with warnings.

[eslint] 
src/pages/FitnessGame.jsx
  Line 8:9:  'WAVE_SIZE' is assigned a value but never used  no-unused-vars

Search for the keywords to learn more about each warning.
To ignore, add // eslint-disable-next-line to the line before.

WARNING in [eslint] 
src/pages/FitnessGame.jsx
  Line 8:9:  'WAVE_SIZE' is assigned a value but never used  no-unused-vars

webpack compiled with 1 warning
Compiling...
Compiled with warnings.

[eslint] 
src/pages/FitnessGame.jsx
  Line 8:9:  'WAVE_SIZE' is assigned a value but never used  no-unused-vars

Search for the keywords to learn more about each warning.
To ignore, add // eslint-disable-next-line to the line before.

WARNING in [eslint] 
src/pages/FitnessGame.jsx
  Line 8:9:  'WAVE_SIZE' is assigned a value but never used  no-unused-vars

webpack compiled with 1 warning
ForbiddenError: Forbidden
    at /home/ubuntu/frontend/node_modules/serve-index/index.js:129:19
    at middleware (/home/ubuntu/frontend/node_modules/webpack-dev-server/lib/Server.js:2458:18)
    at Layer.handle [as handle_request] (/home/ubuntu/frontend/node_modules/express/lib/router/layer.js:95:5)
    at trim_prefix (/home/ubuntu/frontend/node_modules/express/lib/router/index.js:328:13)
    at /home/ubuntu/frontend/node_modules/express/lib/router/index.js:286:9
    at Function.process_params (/home/ubuntu/frontend/node_modules/express/lib/router/index.js:346:12)
    at next (/home/ubuntu/frontend/node_modules/express/lib/router/index.js:280:10)
    at SendStream.error (/home/ubuntu/frontend/node_modules/serve-static/index.js:121:7)
    at SendStream.emit (node:events:517:28)
    at SendStream.error (/home/ubuntu/frontend/node_modules/send/index.js:270:17)
    at SendStream.pipe (/home/ubuntu/frontend/node_modules/send/index.js:535:12)
    at serveStatic (/home/ubuntu/frontend/node_modules/serve-static/index.js:125:12)
    at Layer.handle [as handle_request] (/home/ubuntu/frontend/node_modules/express/lib/router/layer.js:95:5)
    at trim_prefix (/home/ubuntu/frontend/node_modules/express/lib/router/index.js:328:13)
    at /home/ubuntu/frontend/node_modules/express/lib/router/index.js:286:9
    at Function.process_params (/home/ubuntu/frontend/node_modules/express/lib/router/index.js:346:12)
    at next (/home/ubuntu/frontend/node_modules/express/lib/router/index.js:280:10)
    at goNext (/home/ubuntu/frontend/node_modules/webpack-dev-middleware/dist/middleware.js:74:16)
    at processRequest (/home/ubuntu/frontend/node_modules/webpack-dev-middleware/dist/middleware.js:97:15)
    at ready (/home/ubuntu/frontend/node_modules/webpack-dev-middleware/dist/utils/ready.js:17:5)
    at middleware (/home/ubuntu/frontend/node_modules/webpack-dev-middleware/dist/middleware.js:70:5)
    at Layer.handle [as handle_request] (/home/ubuntu/frontend/node_modules/express/lib/router/layer.js:95:5)
    at trim_prefix (/home/ubuntu/frontend/node_modules/express/lib/router/index.js:328:13)
    at /home/ubuntu/frontend/node_modules/express/lib/router/index.js:286:9
    at Function.process_params (/home/ubuntu/frontend/node_modules/express/lib/router/index.js:346:12)
    at next (/home/ubuntu/frontend/node_modules/express/lib/router/index.js:280:10)
    at /home/ubuntu/frontend/node_modules/connect-history-api-fallback/lib/index.js:26:14
    at Layer.handle [as handle_request] (/home/ubuntu/frontend/node_modules/express/lib/router/layer.js:95:5)
    at trim_prefix (/home/ubuntu/frontend/node_modules/express/lib/router/index.js:328:13)
    at /home/ubuntu/frontend/node_modules/express/lib/router/index.js:286:9
    at Function.process_params (/home/ubuntu/frontend/node_modules/express/lib/router/index.js:346:12)
    at next (/home/ubuntu/frontend/node_modules/express/lib/router/index.js:280:10)
    at SendStream.error (/home/ubuntu/frontend/node_modules/serve-static/index.js:121:7)
    at SendStream.emit (node:events:517:28)
    at SendStream.error (/home/ubuntu/frontend/node_modules/send/index.js:270:17)
    at SendStream.pipe (/home/ubuntu/frontend/node_modules/send/index.js:535:12)
    at serveStatic (/home/ubuntu/frontend/node_modules/serve-static/index.js:125:12)
    at Layer.handle [as handle_request] (/home/ubuntu/frontend/node_modules/express/lib/router/layer.js:95:5)
    at trim_prefix (/home/ubuntu/frontend/node_modules/express/lib/router/index.js:328:13)
    at /home/ubuntu/frontend/node_modules/express/lib/router/index.js:286:9
    at Function.process_params (/home/ubuntu/frontend/node_modules/express/lib/router/index.js:346:12)
    at next (/home/ubuntu/frontend/node_modules/express/lib/router/index.js:280:10)
    at goNext (/home/ubuntu/frontend/node_modules/webpack-dev-middleware/dist/middleware.js:74:16)
    at processRequest (/home/ubuntu/frontend/node_modules/webpack-dev-middleware/dist/middleware.js:97:15)
    at ready (/home/ubuntu/frontend/node_modules/webpack-dev-middleware/dist/utils/ready.js:17:5)
    at middleware (/home/ubuntu/frontend/node_modules/webpack-dev-middleware/dist/middleware.js:70:5)
    at Layer.handle [as handle_request] (/home/ubuntu/frontend/node_modules/express/lib/router/layer.js:95:5)
    at trim_prefix (/home/ubuntu/frontend/node_modules/express/lib/router/index.js:328:13)
    at /home/ubuntu/frontend/node_modules/express/lib/router/index.js:286:9
    at Function.process_params (/home/ubuntu/frontend/node_modules/express/lib/router/index.js:346:12)
ForbiddenError: Forbidden
    at /home/ubuntu/frontend/node_modules/serve-index/index.js:129:19
    at middleware (/home/ubuntu/frontend/node_modules/webpack-dev-server/lib/Server.js:2458:18)
    at Layer.handle [as handle_request] (/home/ubuntu/frontend/node_modules/express/lib/router/layer.js:95:5)
    at trim_prefix (/home/ubuntu/frontend/node_modules/express/lib/router/index.js:328:13)
    at /home/ubuntu/frontend/node_modules/express/lib/router/index.js:286:9
    at Function.process_params (/home/ubuntu/frontend/node_modules/express/lib/router/index.js:346:12)
    at next (/home/ubuntu/frontend/node_modules/express/lib/router/index.js:280:10)
    at SendStream.error (/home/ubuntu/frontend/node_modules/serve-static/index.js:121:7)
    at SendStream.emit (node:events:517:28)
    at SendStream.error (/home/ubuntu/frontend/node_modules/send/index.js:270:17)
    at SendStream.pipe (/home/ubuntu/frontend/node_modules/send/index.js:535:12)
    at serveStatic (/home/ubuntu/frontend/node_modules/serve-static/index.js:125:12)
    at Layer.handle [as handle_request] (/home/ubuntu/frontend/node_modules/express/lib/router/layer.js:95:5)
    at trim_prefix (/home/ubuntu/frontend/node_modules/express/lib/router/index.js:328:13)
    at /home/ubuntu/frontend/node_modules/express/lib/router/index.js:286:9
    at Function.process_params (/home/ubuntu/frontend/node_modules/express/lib/router/index.js:346:12)
    at next (/home/ubuntu/frontend/node_modules/express/lib/router/index.js:280:10)
    at goNext (/home/ubuntu/frontend/node_modules/webpack-dev-middleware/dist/middleware.js:74:16)
    at processRequest (/home/ubuntu/frontend/node_modules/webpack-dev-middleware/dist/middleware.js:97:15)
    at ready (/home/ubuntu/frontend/node_modules/webpack-dev-middleware/dist/utils/ready.js:17:5)
    at middleware (/home/ubuntu/frontend/node_modules/webpack-dev-middleware/dist/middleware.js:70:5)
    at Layer.handle [as handle_request] (/home/ubuntu/frontend/node_modules/express/lib/router/layer.js:95:5)
    at trim_prefix (/home/ubuntu/frontend/node_modules/express/lib/router/index.js:328:13)
    at /home/ubuntu/frontend/node_modules/express/lib/router/index.js:286:9
    at Function.process_params (/home/ubuntu/frontend/node_modules/express/lib/router/index.js:346:12)
    at next (/home/ubuntu/frontend/node_modules/express/lib/router/index.js:280:10)
    at /home/ubuntu/frontend/node_modules/connect-history-api-fallback/lib/index.js:26:14
    at Layer.handle [as handle_request] (/home/ubuntu/frontend/node_modules/express/lib/router/layer.js:95:5)
    at trim_prefix (/home/ubuntu/frontend/node_modules/express/lib/router/index.js:328:13)
    at /home/ubuntu/frontend/node_modules/express/lib/router/index.js:286:9
    at Function.process_params (/home/ubuntu/frontend/node_modules/express/lib/router/index.js:346:12)
    at next (/home/ubuntu/frontend/node_modules/express/lib/router/index.js:280:10)
    at SendStream.error (/home/ubuntu/frontend/node_modules/serve-static/index.js:121:7)
    at SendStream.emit (node:events:517:28)
    at SendStream.error (/home/ubuntu/frontend/node_modules/send/index.js:270:17)
    at SendStream.pipe (/home/ubuntu/frontend/node_modules/send/index.js:535:12)
    at serveStatic (/home/ubuntu/frontend/node_modules/serve-static/index.js:125:12)
    at Layer.handle [as handle_request] (/home/ubuntu/frontend/node_modules/express/lib/router/layer.js:95:5)
    at trim_prefix (/home/ubuntu/frontend/node_modules/express/lib/router/index.js:328:13)
    at /home/ubuntu/frontend/node_modules/express/lib/router/index.js:286:9
    at Function.process_params (/home/ubuntu/frontend/node_modules/express/lib/router/index.js:346:12)
    at next (/home/ubuntu/frontend/node_modules/express/lib/router/index.js:280:10)
    at goNext (/home/ubuntu/frontend/node_modules/webpack-dev-middleware/dist/middleware.js:74:16)
    at processRequest (/home/ubuntu/frontend/node_modules/webpack-dev-middleware/dist/middleware.js:97:15)
    at ready (/home/ubuntu/frontend/node_modules/webpack-dev-middleware/dist/utils/ready.js:17:5)
    at middleware (/home/ubuntu/frontend/node_modules/webpack-dev-middleware/dist/middleware.js:70:5)
    at Layer.handle [as handle_request] (/home/ubuntu/frontend/node_modules/express/lib/router/layer.js:95:5)
    at trim_prefix (/home/ubuntu/frontend/node_modules/express/lib/router/index.js:328:13)
    at /home/ubuntu/frontend/node_modules/express/lib/router/index.js:286:9
    at Function.process_params (/home/ubuntu/frontend/node_modules/express/lib/router/index.js:346:12)
ForbiddenError: Forbidden
    at /home/ubuntu/frontend/node_modules/serve-index/index.js:129:19
    at middleware (/home/ubuntu/frontend/node_modules/webpack-dev-server/lib/Server.js:2458:18)
    at Layer.handle [as handle_request] (/home/ubuntu/frontend/node_modules/express/lib/router/layer.js:95:5)
    at trim_prefix (/home/ubuntu/frontend/node_modules/express/lib/router/index.js:328:13)
    at /home/ubuntu/frontend/node_modules/express/lib/router/index.js:286:9
    at Function.process_params (/home/ubuntu/frontend/node_modules/express/lib/router/index.js:346:12)
    at next (/home/ubuntu/frontend/node_modules/express/lib/router/index.js:280:10)
    at SendStream.error (/home/ubuntu/frontend/node_modules/serve-static/index.js:121:7)
    at SendStream.emit (node:events:517:28)
    at SendStream.error (/home/ubuntu/frontend/node_modules/send/index.js:270:17)
    at SendStream.pipe (/home/ubuntu/frontend/node_modules/send/index.js:535:12)
    at serveStatic (/home/ubuntu/frontend/node_modules/serve-static/index.js:125:12)
    at Layer.handle [as handle_request] (/home/ubuntu/frontend/node_modules/express/lib/router/layer.js:95:5)
    at trim_prefix (/home/ubuntu/frontend/node_modules/express/lib/router/index.js:328:13)
    at /home/ubuntu/frontend/node_modules/express/lib/router/index.js:286:9
    at Function.process_params (/home/ubuntu/frontend/node_modules/express/lib/router/index.js:346:12)
    at next (/home/ubuntu/frontend/node_modules/express/lib/router/index.js:280:10)
    at goNext (/home/ubuntu/frontend/node_modules/webpack-dev-middleware/dist/middleware.js:74:16)
    at processRequest (/home/ubuntu/frontend/node_modules/webpack-dev-middleware/dist/middleware.js:97:15)
    at ready (/home/ubuntu/frontend/node_modules/webpack-dev-middleware/dist/utils/ready.js:17:5)
    at middleware (/home/ubuntu/frontend/node_modules/webpack-dev-middleware/dist/middleware.js:70:5)
    at Layer.handle [as handle_request] (/home/ubuntu/frontend/node_modules/express/lib/router/layer.js:95:5)
    at trim_prefix (/home/ubuntu/frontend/node_modules/express/lib/router/index.js:328:13)
    at /home/ubuntu/frontend/node_modules/express/lib/router/index.js:286:9
    at Function.process_params (/home/ubuntu/frontend/node_modules/express/lib/router/index.js:346:12)
    at next (/home/ubuntu/frontend/node_modules/express/lib/router/index.js:280:10)
    at /home/ubuntu/frontend/node_modules/connect-history-api-fallback/lib/index.js:26:14
    at Layer.handle [as handle_request] (/home/ubuntu/frontend/node_modules/express/lib/router/layer.js:95:5)
    at trim_prefix (/home/ubuntu/frontend/node_modules/express/lib/router/index.js:328:13)
    at /home/ubuntu/frontend/node_modules/express/lib/router/index.js:286:9
    at Function.process_params (/home/ubuntu/frontend/node_modules/express/lib/router/index.js:346:12)
    at next (/home/ubuntu/frontend/node_modules/express/lib/router/index.js:280:10)
    at SendStream.error (/home/ubuntu/frontend/node_modules/serve-static/index.js:121:7)
    at SendStream.emit (node:events:517:28)
    at SendStream.error (/home/ubuntu/frontend/node_modules/send/index.js:270:17)
    at SendStream.pipe (/home/ubuntu/frontend/node_modules/send/index.js:535:12)
    at serveStatic (/home/ubuntu/frontend/node_modules/serve-static/index.js:125:12)
    at Layer.handle [as handle_request] (/home/ubuntu/frontend/node_modules/express/lib/router/layer.js:95:5)
    at trim_prefix (/home/ubuntu/frontend/node_modules/express/lib/router/index.js:328:13)
    at /home/ubuntu/frontend/node_modules/express/lib/router/index.js:286:9
    at Function.process_params (/home/ubuntu/frontend/node_modules/express/lib/router/index.js:346:12)
    at next (/home/ubuntu/frontend/node_modules/express/lib/router/index.js:280:10)
    at goNext (/home/ubuntu/frontend/node_modules/webpack-dev-middleware/dist/middleware.js:74:16)
    at processRequest (/home/ubuntu/frontend/node_modules/webpack-dev-middleware/dist/middleware.js:97:15)
    at ready (/home/ubuntu/frontend/node_modules/webpack-dev-middleware/dist/utils/ready.js:17:5)
    at middleware (/home/ubuntu/frontend/node_modules/webpack-dev-middleware/dist/middleware.js:70:5)
    at Layer.handle [as handle_request] (/home/ubuntu/frontend/node_modules/express/lib/router/layer.js:95:5)
    at trim_prefix (/home/ubuntu/frontend/node_modules/express/lib/router/index.js:328:13)
    at /home/ubuntu/frontend/node_modules/express/lib/router/index.js:286:9
    at Function.process_params (/home/ubuntu/frontend/node_modules/express/lib/router/index.js:346:12)
